<?xml version="1.0" encoding="UTF-8"?>
<!-- Generated by org.testng.reporters.JUnitReportReporter -->
<testsuite hostname="DESKTOP-Q6T5L99" failures="0" tests="1" name="APIAutomation.DynamicJson" time="12.389" errors="0" timestamp="2024-02-24T15:23:02 IST" skipped="0">
  <testcase classname="APIAutomation.DynamicJson" name="addbook" time="12.389"/>
</testsuite> <!-- APIAutomation.DynamicJson -->
