<?xml version="1.0" encoding="UTF-8"?>
<!-- Generated by org.testng.reporters.JUnitReportReporter -->
<testsuite hostname="DESKTOP-Q6T5L99" failures="0" tests="1" name="jsonFiles.SumValidation" time="0.891" errors="0" timestamp="2024-02-24T00:37:56 IST" skipped="0">
  <testcase classname="jsonFiles.SumValidation" name="validateSumOfAllCourses" time="0.891"/>
</testsuite> <!-- jsonFiles.SumValidation -->
