<?xml version="1.0" encoding="UTF-8"?>
<!-- Generated by org.testng.reporters.JUnitReportReporter -->
<testsuite hostname="DESKTOP-Q6T5L99" failures="0" tests="3" name="APIAutomation.DynamicJsonWithDataProvider" time="13.739" errors="0" timestamp="2024-02-24T16:35:53 IST" skipped="0">
  <testcase classname="APIAutomation.DynamicJsonWithDataProvider" name="addbook" time="13.448"/>
  <testcase classname="APIAutomation.DynamicJsonWithDataProvider" name="addbook" time="0.157"/>
  <testcase classname="APIAutomation.DynamicJsonWithDataProvider" name="addbook" time="0.134"/>
</testsuite> <!-- APIAutomation.DynamicJsonWithDataProvider -->
